2025-05-27 12:07:38.740 [main] INFO  c.v.p.g.i.GameStepDefinitions - Starting GameStepDefinitions using Java 21.0.6 with PID 4604 (started by rubenhernandez in C:\Users\rubenhernandez\workspace\formacion\videogame-platform\services\game-service)
2025-05-27 12:07:38.765 [main] INFO  c.v.p.g.i.GameStepDefinitions - The following 1 profile is active: "test"
2025-05-27 12:07:46.176 [main] INFO  o.a.coyote.http11.Http11NioProtocol - Initializing ProtocolHandler ["http-nio-auto-1"]
2025-05-27 12:07:46.180 [main] INFO  o.a.catalina.core.StandardService - Starting service [Tomcat]
2025-05-27 12:07:46.180 [main] INFO  o.a.catalina.core.StandardEngine - Starting Servlet engine: [Apache Tomcat/10.1.39]
2025-05-27 12:07:46.460 [main] INFO  o.a.c.c.C.[Tomcat].[localhost].[/] - Initializing Spring embedded WebApplicationContext
2025-05-27 12:07:47.471 [main] INFO  com.zaxxer.hikari.HikariDataSource - HikariPool-1 - Starting...
2025-05-27 12:07:48.650 [main] INFO  com.zaxxer.hikari.pool.HikariPool - HikariPool-1 - Added connection conn0: url=jdbc:h2:mem:gamedb user=SA
2025-05-27 12:07:48.652 [main] INFO  com.zaxxer.hikari.HikariDataSource - HikariPool-1 - Start completed.
2025-05-27 12:07:54.078 [main] WARN  o.s.b.a.o.j.JpaBaseConfiguration$JpaWebConfiguration - spring.jpa.open-in-view is enabled by default. Therefore, database queries may be performed during view rendering. Explicitly configure spring.jpa.open-in-view to disable this warning
2025-05-27 12:07:56.751 [main] INFO  o.a.coyote.http11.Http11NioProtocol - Starting ProtocolHandler ["http-nio-auto-1"]
2025-05-27 12:07:56.865 [main] INFO  c.v.p.g.i.GameStepDefinitions - Started GameStepDefinitions in 20.295 seconds (process running for 31.905)
2025-05-27 12:07:57.539 [http-nio-auto-1-exec-1] INFO  o.a.c.c.C.[Tomcat].[localhost].[/] - Initializing Spring DispatcherServlet 'dispatcherServlet'
2025-05-27 12:07:57.539 [http-nio-auto-1-exec-1] INFO  o.s.web.servlet.DispatcherServlet - Initializing Servlet 'dispatcherServlet'
2025-05-27 12:07:57.539 [http-nio-auto-1-exec-1] INFO  o.s.web.servlet.DispatcherServlet - Completed initialization in 0 ms
2025-05-27 12:07:59.729 [main] INFO  c.tngtech.archunit.core.PluginLoader - Detected Java version 21.0.6
2025-05-27 12:08:05.793 [SpringApplicationShutdownHook] INFO  com.zaxxer.hikari.HikariDataSource - HikariPool-1 - Shutdown initiated...
2025-05-27 12:08:05.798 [SpringApplicationShutdownHook] INFO  com.zaxxer.hikari.HikariDataSource - HikariPool-1 - Shutdown completed.
2025-05-27 12:08:38.562 [main] INFO  c.v.platform.game.GameApplicationIT - Starting GameApplicationIT using Java 21.0.6 with PID 16640 (started by rubenhernandez in C:\Users\rubenhernandez\workspace\formacion\videogame-platform\services\game-service)
2025-05-27 12:08:38.578 [main] INFO  c.v.platform.game.GameApplicationIT - The following 1 profile is active: "test"
2025-05-27 12:08:49.333 [main] INFO  com.zaxxer.hikari.HikariDataSource - HikariPool-1 - Starting...
2025-05-27 12:08:50.158 [main] INFO  com.zaxxer.hikari.pool.HikariPool - HikariPool-1 - Added connection conn0: url=jdbc:h2:mem:gamedb user=SA
2025-05-27 12:08:50.164 [main] INFO  com.zaxxer.hikari.HikariDataSource - HikariPool-1 - Start completed.
2025-05-27 12:08:55.278 [main] WARN  o.s.b.a.o.j.JpaBaseConfiguration$JpaWebConfiguration - spring.jpa.open-in-view is enabled by default. Therefore, database queries may be performed during view rendering. Explicitly configure spring.jpa.open-in-view to disable this warning
2025-05-27 12:08:58.090 [main] INFO  c.v.platform.game.GameApplicationIT - Started GameApplicationIT in 26.172 seconds (process running for 45.466)
2025-05-27 12:08:59.582 [main] INFO  c.v.p.g.i.a.in.rest.GameControllerIT - Starting GameControllerIT using Java 21.0.6 with PID 16640 (started by rubenhernandez in C:\Users\rubenhernandez\workspace\formacion\videogame-platform\services\game-service)
2025-05-27 12:08:59.582 [main] INFO  c.v.p.g.i.a.in.rest.GameControllerIT - No active profile set, falling back to 1 default profile: "default"
2025-05-27 12:09:00.609 [main] INFO  com.zaxxer.hikari.HikariDataSource - HikariPool-2 - Starting...
2025-05-27 12:09:01.259 [main] INFO  com.zaxxer.hikari.pool.HikariPool - HikariPool-2 - Added connection org.postgresql.jdbc.PgConnection@17b46ff5
2025-05-27 12:09:01.259 [main] INFO  com.zaxxer.hikari.HikariDataSource - HikariPool-2 - Start completed.
2025-05-27 12:09:02.260 [main] WARN  o.s.b.a.o.j.JpaBaseConfiguration$JpaWebConfiguration - spring.jpa.open-in-view is enabled by default. Therefore, database queries may be performed during view rendering. Explicitly configure spring.jpa.open-in-view to disable this warning
2025-05-27 12:09:03.437 [main] INFO  c.v.p.g.i.a.in.rest.GameControllerIT - Started GameControllerIT in 3.908 seconds (process running for 50.82)
2025-05-27 12:09:04.640 [main] WARN  c.v.p.g.application.usecases.GetGame - No Game found for id=5
2025-05-27 12:09:04.857 [main] INFO  c.v.p.g.i.a.o.p.GameRepositoryAdapterIT - Starting GameRepositoryAdapterIT using Java 21.0.6 with PID 16640 (started by rubenhernandez in C:\Users\rubenhernandez\workspace\formacion\videogame-platform\services\game-service)
2025-05-27 12:09:04.857 [main] INFO  c.v.p.g.i.a.o.p.GameRepositoryAdapterIT - No active profile set, falling back to 1 default profile: "default"
2025-05-27 12:09:05.631 [main] INFO  com.zaxxer.hikari.HikariDataSource - HikariPool-3 - Starting...
2025-05-27 12:09:05.647 [main] INFO  com.zaxxer.hikari.pool.HikariPool - HikariPool-3 - Added connection org.postgresql.jdbc.PgConnection@8953002
2025-05-27 12:09:05.647 [main] INFO  com.zaxxer.hikari.HikariDataSource - HikariPool-3 - Start completed.
2025-05-27 12:09:06.192 [main] WARN  o.s.b.a.o.j.JpaBaseConfiguration$JpaWebConfiguration - spring.jpa.open-in-view is enabled by default. Therefore, database queries may be performed during view rendering. Explicitly configure spring.jpa.open-in-view to disable this warning
2025-05-27 12:09:06.954 [main] INFO  c.v.p.g.i.a.o.p.GameRepositoryAdapterIT - Started GameRepositoryAdapterIT in 2.164 seconds (process running for 54.332)
2025-05-27 12:09:07.090 [SpringApplicationShutdownHook] INFO  com.zaxxer.hikari.HikariDataSource - HikariPool-1 - Shutdown initiated...
2025-05-27 12:09:07.102 [SpringApplicationShutdownHook] INFO  com.zaxxer.hikari.HikariDataSource - HikariPool-1 - Shutdown completed.
2025-05-27 12:09:07.104 [SpringApplicationShutdownHook] INFO  com.zaxxer.hikari.HikariDataSource - HikariPool-2 - Shutdown initiated...
2025-05-27 12:09:07.120 [SpringApplicationShutdownHook] INFO  com.zaxxer.hikari.HikariDataSource - HikariPool-2 - Shutdown completed.
2025-05-27 12:09:07.126 [SpringApplicationShutdownHook] INFO  com.zaxxer.hikari.HikariDataSource - HikariPool-3 - Shutdown initiated...
2025-05-27 12:09:07.136 [SpringApplicationShutdownHook] INFO  com.zaxxer.hikari.HikariDataSource - HikariPool-3 - Shutdown completed.
2025-05-27 12:17:18.737 [main] INFO  c.v.p.g.i.GameStepDefinitions - Starting GameStepDefinitions using Java 21.0.6 with PID 19136 (started by rubenhernandez in C:\Users\rubenhernandez\workspace\formacion\videogame-platform\services\game-service)
2025-05-27 12:17:18.737 [main] INFO  c.v.p.g.i.GameStepDefinitions - The following 1 profile is active: "test"
2025-05-27 12:17:25.137 [main] INFO  o.a.coyote.http11.Http11NioProtocol - Initializing ProtocolHandler ["http-nio-auto-1"]
2025-05-27 12:17:25.137 [main] INFO  o.a.catalina.core.StandardService - Starting service [Tomcat]
2025-05-27 12:17:25.137 [main] INFO  o.a.catalina.core.StandardEngine - Starting Servlet engine: [Apache Tomcat/10.1.39]
2025-05-27 12:17:25.262 [main] INFO  o.a.c.c.C.[Tomcat].[localhost].[/] - Initializing Spring embedded WebApplicationContext
2025-05-27 12:17:25.884 [main] INFO  com.zaxxer.hikari.HikariDataSource - HikariPool-1 - Starting...
2025-05-27 12:17:26.586 [main] INFO  com.zaxxer.hikari.pool.HikariPool - HikariPool-1 - Added connection conn0: url=jdbc:h2:mem:gamedb user=SA
2025-05-27 12:17:26.602 [main] INFO  com.zaxxer.hikari.HikariDataSource - HikariPool-1 - Start completed.
2025-05-27 12:17:30.040 [main] WARN  o.s.b.a.o.j.JpaBaseConfiguration$JpaWebConfiguration - spring.jpa.open-in-view is enabled by default. Therefore, database queries may be performed during view rendering. Explicitly configure spring.jpa.open-in-view to disable this warning
2025-05-27 12:17:32.987 [main] INFO  o.a.coyote.http11.Http11NioProtocol - Starting ProtocolHandler ["http-nio-auto-1"]
2025-05-27 12:17:33.049 [main] INFO  c.v.p.g.i.GameStepDefinitions - Started GameStepDefinitions in 15.744 seconds (process running for 27.897)
2025-05-27 12:17:33.518 [http-nio-auto-1-exec-1] INFO  o.a.c.c.C.[Tomcat].[localhost].[/] - Initializing Spring DispatcherServlet 'dispatcherServlet'
2025-05-27 12:17:33.518 [http-nio-auto-1-exec-1] INFO  o.s.web.servlet.DispatcherServlet - Initializing Servlet 'dispatcherServlet'
2025-05-27 12:17:33.518 [http-nio-auto-1-exec-1] INFO  o.s.web.servlet.DispatcherServlet - Completed initialization in 0 ms
2025-05-27 12:17:34.096 [main] INFO  c.tngtech.archunit.core.PluginLoader - Detected Java version 21.0.6
2025-05-27 12:17:37.769 [SpringApplicationShutdownHook] INFO  com.zaxxer.hikari.HikariDataSource - HikariPool-1 - Shutdown initiated...
2025-05-27 12:17:37.769 [SpringApplicationShutdownHook] INFO  com.zaxxer.hikari.HikariDataSource - HikariPool-1 - Shutdown completed.
2025-05-27 12:17:46.929 [main] INFO  c.v.platform.game.GameApplicationIT - Starting GameApplicationIT using Java 21.0.6 with PID 11576 (started by rubenhernandez in C:\Users\rubenhernandez\workspace\formacion\videogame-platform\services\game-service)
2025-05-27 12:17:46.929 [main] INFO  c.v.platform.game.GameApplicationIT - The following 1 profile is active: "test"
2025-05-27 12:17:53.126 [main] INFO  com.zaxxer.hikari.HikariDataSource - HikariPool-1 - Starting...
2025-05-27 12:17:53.931 [main] INFO  com.zaxxer.hikari.pool.HikariPool - HikariPool-1 - Added connection conn0: url=jdbc:h2:mem:gamedb user=SA
2025-05-27 12:17:53.931 [main] INFO  com.zaxxer.hikari.HikariDataSource - HikariPool-1 - Start completed.
2025-05-27 12:18:00.691 [main] WARN  o.s.b.a.o.j.JpaBaseConfiguration$JpaWebConfiguration - spring.jpa.open-in-view is enabled by default. Therefore, database queries may be performed during view rendering. Explicitly configure spring.jpa.open-in-view to disable this warning
2025-05-27 12:18:03.302 [main] INFO  c.v.platform.game.GameApplicationIT - Started GameApplicationIT in 17.949 seconds (process running for 21.821)
2025-05-27 12:18:05.072 [main] INFO  c.v.p.g.i.a.in.rest.GameControllerIT - Starting GameControllerIT using Java 21.0.6 with PID 11576 (started by rubenhernandez in C:\Users\rubenhernandez\workspace\formacion\videogame-platform\services\game-service)
2025-05-27 12:18:05.082 [main] INFO  c.v.p.g.i.a.in.rest.GameControllerIT - No active profile set, falling back to 1 default profile: "default"
2025-05-27 12:18:05.892 [main] INFO  com.zaxxer.hikari.HikariDataSource - HikariPool-2 - Starting...
2025-05-27 12:18:06.412 [main] INFO  com.zaxxer.hikari.pool.HikariPool - HikariPool-2 - Added connection org.postgresql.jdbc.PgConnection@65f04700
2025-05-27 12:18:06.412 [main] INFO  com.zaxxer.hikari.HikariDataSource - HikariPool-2 - Start completed.
2025-05-27 12:18:07.269 [main] WARN  o.s.b.a.o.j.JpaBaseConfiguration$JpaWebConfiguration - spring.jpa.open-in-view is enabled by default. Therefore, database queries may be performed during view rendering. Explicitly configure spring.jpa.open-in-view to disable this warning
2025-05-27 12:18:08.043 [main] INFO  c.v.p.g.i.a.in.rest.GameControllerIT - Started GameControllerIT in 3.02 seconds (process running for 26.561)
2025-05-27 12:18:09.424 [main] WARN  c.v.p.g.application.usecases.GetGame - No Game found for id=5
2025-05-27 12:18:09.622 [main] INFO  c.v.p.g.i.a.o.p.GameRepositoryAdapterIT - Starting GameRepositoryAdapterIT using Java 21.0.6 with PID 11576 (started by rubenhernandez in C:\Users\rubenhernandez\workspace\formacion\videogame-platform\services\game-service)
2025-05-27 12:18:09.622 [main] INFO  c.v.p.g.i.a.o.p.GameRepositoryAdapterIT - No active profile set, falling back to 1 default profile: "default"
2025-05-27 12:18:10.412 [main] INFO  com.zaxxer.hikari.HikariDataSource - HikariPool-3 - Starting...
2025-05-27 12:18:10.433 [main] INFO  com.zaxxer.hikari.pool.HikariPool - HikariPool-3 - Added connection org.postgresql.jdbc.PgConnection@516ac862
2025-05-27 12:18:10.439 [main] INFO  com.zaxxer.hikari.HikariDataSource - HikariPool-3 - Start completed.
2025-05-27 12:18:11.034 [main] WARN  o.s.b.a.o.j.JpaBaseConfiguration$JpaWebConfiguration - spring.jpa.open-in-view is enabled by default. Therefore, database queries may be performed during view rendering. Explicitly configure spring.jpa.open-in-view to disable this warning
2025-05-27 12:18:11.538 [main] INFO  c.v.p.g.i.a.o.p.GameRepositoryAdapterIT - Started GameRepositoryAdapterIT in 1.962 seconds (process running for 30.071)
2025-05-27 12:18:11.707 [SpringApplicationShutdownHook] INFO  com.zaxxer.hikari.HikariDataSource - HikariPool-1 - Shutdown initiated...
2025-05-27 12:18:11.707 [SpringApplicationShutdownHook] INFO  com.zaxxer.hikari.HikariDataSource - HikariPool-1 - Shutdown completed.
2025-05-27 12:18:11.723 [SpringApplicationShutdownHook] INFO  com.zaxxer.hikari.HikariDataSource - HikariPool-2 - Shutdown initiated...
2025-05-27 12:18:11.723 [SpringApplicationShutdownHook] INFO  com.zaxxer.hikari.HikariDataSource - HikariPool-2 - Shutdown completed.
2025-05-27 12:18:11.737 [SpringApplicationShutdownHook] INFO  com.zaxxer.hikari.HikariDataSource - HikariPool-3 - Shutdown initiated...
2025-05-27 12:18:11.737 [SpringApplicationShutdownHook] INFO  com.zaxxer.hikari.HikariDataSource - HikariPool-3 - Shutdown completed.
2025-05-27 12:28:24.525 [main] INFO  c.v.p.g.i.GameStepDefinitions - Starting GameStepDefinitions using Java 21.0.6 with PID 3324 (started by rubenhernandez in C:\Users\rubenhernandez\workspace\formacion\videogame-platform\services\game-service)
2025-05-27 12:28:24.525 [main] INFO  c.v.p.g.i.GameStepDefinitions - The following 1 profile is active: "test"
2025-05-27 12:28:29.279 [main] INFO  o.a.coyote.http11.Http11NioProtocol - Initializing ProtocolHandler ["http-nio-auto-1"]
2025-05-27 12:28:29.279 [main] INFO  o.a.catalina.core.StandardService - Starting service [Tomcat]
2025-05-27 12:28:29.279 [main] INFO  o.a.catalina.core.StandardEngine - Starting Servlet engine: [Apache Tomcat/10.1.39]
2025-05-27 12:28:29.389 [main] INFO  o.a.c.c.C.[Tomcat].[localhost].[/] - Initializing Spring embedded WebApplicationContext
2025-05-27 12:28:29.995 [main] INFO  com.zaxxer.hikari.HikariDataSource - HikariPool-1 - Starting...
2025-05-27 12:28:30.656 [main] INFO  com.zaxxer.hikari.pool.HikariPool - HikariPool-1 - Added connection conn0: url=jdbc:h2:mem:gamedb user=SA
2025-05-27 12:28:30.656 [main] INFO  com.zaxxer.hikari.HikariDataSource - HikariPool-1 - Start completed.
2025-05-27 12:28:33.855 [main] WARN  o.s.b.a.o.j.JpaBaseConfiguration$JpaWebConfiguration - spring.jpa.open-in-view is enabled by default. Therefore, database queries may be performed during view rendering. Explicitly configure spring.jpa.open-in-view to disable this warning
2025-05-27 12:28:36.434 [main] INFO  o.a.coyote.http11.Http11NioProtocol - Starting ProtocolHandler ["http-nio-auto-1"]
2025-05-27 12:28:36.524 [main] INFO  c.v.p.g.i.GameStepDefinitions - Started GameStepDefinitions in 13.603 seconds (process running for 23.612)
2025-05-27 12:28:37.586 [http-nio-auto-1-exec-2] INFO  o.a.c.c.C.[Tomcat].[localhost].[/] - Initializing Spring DispatcherServlet 'dispatcherServlet'
2025-05-27 12:28:37.586 [http-nio-auto-1-exec-2] INFO  o.s.web.servlet.DispatcherServlet - Initializing Servlet 'dispatcherServlet'
2025-05-27 12:28:37.586 [http-nio-auto-1-exec-2] INFO  o.s.web.servlet.DispatcherServlet - Completed initialization in 0 ms
2025-05-27 12:28:38.989 [main] INFO  c.tngtech.archunit.core.PluginLoader - Detected Java version 21.0.6
2025-05-27 12:28:45.595 [SpringApplicationShutdownHook] INFO  com.zaxxer.hikari.HikariDataSource - HikariPool-1 - Shutdown initiated...
2025-05-27 12:28:45.595 [SpringApplicationShutdownHook] INFO  com.zaxxer.hikari.HikariDataSource - HikariPool-1 - Shutdown completed.
2025-05-27 12:28:55.256 [main] INFO  c.v.platform.game.GameApplicationIT - Starting GameApplicationIT using Java 21.0.6 with PID 13164 (started by rubenhernandez in C:\Users\rubenhernandez\workspace\formacion\videogame-platform\services\game-service)
2025-05-27 12:28:55.256 [main] INFO  c.v.platform.game.GameApplicationIT - The following 1 profile is active: "test"
2025-05-27 12:28:59.509 [main] INFO  com.zaxxer.hikari.HikariDataSource - HikariPool-1 - Starting...
2025-05-27 12:29:00.292 [main] INFO  com.zaxxer.hikari.pool.HikariPool - HikariPool-1 - Added connection conn0: url=jdbc:h2:mem:gamedb user=SA
2025-05-27 12:29:00.292 [main] INFO  com.zaxxer.hikari.HikariDataSource - HikariPool-1 - Start completed.
2025-05-27 12:29:04.638 [main] WARN  o.s.b.a.o.j.JpaBaseConfiguration$JpaWebConfiguration - spring.jpa.open-in-view is enabled by default. Therefore, database queries may be performed during view rendering. Explicitly configure spring.jpa.open-in-view to disable this warning
2025-05-27 12:29:06.835 [main] INFO  c.v.platform.game.GameApplicationIT - Started GameApplicationIT in 12.668 seconds (process running for 18.221)
2025-05-27 12:29:07.859 [main] INFO  c.v.p.g.i.a.in.rest.GameControllerIT - Starting GameControllerIT using Java 21.0.6 with PID 13164 (started by rubenhernandez in C:\Users\rubenhernandez\workspace\formacion\videogame-platform\services\game-service)
2025-05-27 12:29:07.859 [main] INFO  c.v.p.g.i.a.in.rest.GameControllerIT - No active profile set, falling back to 1 default profile: "default"
2025-05-27 12:29:08.560 [main] INFO  com.zaxxer.hikari.HikariDataSource - HikariPool-2 - Starting...
2025-05-27 12:29:09.013 [main] INFO  com.zaxxer.hikari.pool.HikariPool - HikariPool-2 - Added connection org.postgresql.jdbc.PgConnection@3d64b103
2025-05-27 12:29:09.013 [main] INFO  com.zaxxer.hikari.HikariDataSource - HikariPool-2 - Start completed.
2025-05-27 12:29:09.698 [main] WARN  o.s.b.a.o.j.JpaBaseConfiguration$JpaWebConfiguration - spring.jpa.open-in-view is enabled by default. Therefore, database queries may be performed during view rendering. Explicitly configure spring.jpa.open-in-view to disable this warning
2025-05-27 12:29:10.374 [main] INFO  c.v.p.g.i.a.in.rest.GameControllerIT - Started GameControllerIT in 2.554 seconds (process running for 21.77)
2025-05-27 12:29:11.222 [main] WARN  c.v.p.g.application.usecases.GetGame - No Game found for id=5
2025-05-27 12:29:11.331 [main] INFO  c.v.p.g.i.a.o.p.GameRepositoryAdapterIT - Starting GameRepositoryAdapterIT using Java 21.0.6 with PID 13164 (started by rubenhernandez in C:\Users\rubenhernandez\workspace\formacion\videogame-platform\services\game-service)
2025-05-27 12:29:11.331 [main] INFO  c.v.p.g.i.a.o.p.GameRepositoryAdapterIT - No active profile set, falling back to 1 default profile: "default"
2025-05-27 12:29:11.902 [main] INFO  com.zaxxer.hikari.HikariDataSource - HikariPool-3 - Starting...
2025-05-27 12:29:11.934 [main] INFO  com.zaxxer.hikari.pool.HikariPool - HikariPool-3 - Added connection org.postgresql.jdbc.PgConnection@2ef731d4
2025-05-27 12:29:11.934 [main] INFO  com.zaxxer.hikari.HikariDataSource - HikariPool-3 - Start completed.
2025-05-27 12:29:12.280 [main] WARN  o.s.b.a.o.j.JpaBaseConfiguration$JpaWebConfiguration - spring.jpa.open-in-view is enabled by default. Therefore, database queries may be performed during view rendering. Explicitly configure spring.jpa.open-in-view to disable this warning
2025-05-27 12:29:12.760 [main] INFO  c.v.p.g.i.a.o.p.GameRepositoryAdapterIT - Started GameRepositoryAdapterIT in 1.46 seconds (process running for 24.157)
2025-05-27 12:29:12.894 [SpringApplicationShutdownHook] INFO  com.zaxxer.hikari.HikariDataSource - HikariPool-1 - Shutdown initiated...
2025-05-27 12:29:12.894 [SpringApplicationShutdownHook] INFO  com.zaxxer.hikari.HikariDataSource - HikariPool-1 - Shutdown completed.
2025-05-27 12:29:12.894 [SpringApplicationShutdownHook] INFO  com.zaxxer.hikari.HikariDataSource - HikariPool-2 - Shutdown initiated...
2025-05-27 12:29:12.909 [SpringApplicationShutdownHook] INFO  com.zaxxer.hikari.HikariDataSource - HikariPool-2 - Shutdown completed.
2025-05-27 12:29:12.909 [SpringApplicationShutdownHook] INFO  com.zaxxer.hikari.HikariDataSource - HikariPool-3 - Shutdown initiated...
2025-05-27 12:29:12.909 [SpringApplicationShutdownHook] INFO  com.zaxxer.hikari.HikariDataSource - HikariPool-3 - Shutdown completed.
2025-05-27 12:40:36.445 [main] INFO  c.v.p.g.i.GameStepDefinitions - Starting GameStepDefinitions using Java 21.0.6 with PID 15108 (started by rubenhernandez in C:\Users\rubenhernandez\workspace\formacion\videogame-platform\services\game-service)
2025-05-27 12:40:36.445 [main] INFO  c.v.p.g.i.GameStepDefinitions - The following 1 profile is active: "test"
2025-05-27 12:40:41.580 [main] INFO  o.a.coyote.http11.Http11NioProtocol - Initializing ProtocolHandler ["http-nio-auto-1"]
2025-05-27 12:40:41.580 [main] INFO  o.a.catalina.core.StandardService - Starting service [Tomcat]
2025-05-27 12:40:41.580 [main] INFO  o.a.catalina.core.StandardEngine - Starting Servlet engine: [Apache Tomcat/10.1.39]
2025-05-27 12:40:41.690 [main] INFO  o.a.c.c.C.[Tomcat].[localhost].[/] - Initializing Spring embedded WebApplicationContext
2025-05-27 12:40:42.196 [main] INFO  com.zaxxer.hikari.HikariDataSource - HikariPool-1 - Starting...
2025-05-27 12:40:42.884 [main] INFO  com.zaxxer.hikari.pool.HikariPool - HikariPool-1 - Added connection conn0: url=jdbc:h2:mem:gamedb user=SA
2025-05-27 12:40:42.884 [main] INFO  com.zaxxer.hikari.HikariDataSource - HikariPool-1 - Start completed.
2025-05-27 12:40:46.142 [main] WARN  o.s.b.a.o.j.JpaBaseConfiguration$JpaWebConfiguration - spring.jpa.open-in-view is enabled by default. Therefore, database queries may be performed during view rendering. Explicitly configure spring.jpa.open-in-view to disable this warning
2025-05-27 12:40:48.275 [main] INFO  o.a.coyote.http11.Http11NioProtocol - Starting ProtocolHandler ["http-nio-auto-1"]
2025-05-27 12:40:48.338 [main] INFO  c.v.p.g.i.GameStepDefinitions - Started GameStepDefinitions in 13.469 seconds (process running for 24.431)
2025-05-27 12:40:48.868 [http-nio-auto-1-exec-1] INFO  o.a.c.c.C.[Tomcat].[localhost].[/] - Initializing Spring DispatcherServlet 'dispatcherServlet'
2025-05-27 12:40:48.868 [http-nio-auto-1-exec-1] INFO  o.s.web.servlet.DispatcherServlet - Initializing Servlet 'dispatcherServlet'
2025-05-27 12:40:48.868 [http-nio-auto-1-exec-1] INFO  o.s.web.servlet.DispatcherServlet - Completed initialization in 0 ms
2025-05-27 12:40:49.391 [main] INFO  c.tngtech.archunit.core.PluginLoader - Detected Java version 21.0.6
2025-05-27 12:40:53.550 [SpringApplicationShutdownHook] INFO  com.zaxxer.hikari.HikariDataSource - HikariPool-1 - Shutdown initiated...
2025-05-27 12:40:53.554 [SpringApplicationShutdownHook] INFO  com.zaxxer.hikari.HikariDataSource - HikariPool-1 - Shutdown completed.
2025-05-27 12:41:02.919 [main] INFO  c.v.platform.game.GameApplicationIT - Starting GameApplicationIT using Java 21.0.6 with PID 18680 (started by rubenhernandez in C:\Users\rubenhernandez\workspace\formacion\videogame-platform\services\game-service)
2025-05-27 12:41:02.919 [main] INFO  c.v.platform.game.GameApplicationIT - The following 1 profile is active: "test"
2025-05-27 12:41:08.321 [main] INFO  com.zaxxer.hikari.HikariDataSource - HikariPool-1 - Starting...
2025-05-27 12:41:09.330 [main] INFO  com.zaxxer.hikari.pool.HikariPool - HikariPool-1 - Added connection conn0: url=jdbc:h2:mem:gamedb user=SA
2025-05-27 12:41:09.330 [main] INFO  com.zaxxer.hikari.HikariDataSource - HikariPool-1 - Start completed.
2025-05-27 12:41:17.897 [main] WARN  o.s.b.a.o.j.JpaBaseConfiguration$JpaWebConfiguration - spring.jpa.open-in-view is enabled by default. Therefore, database queries may be performed during view rendering. Explicitly configure spring.jpa.open-in-view to disable this warning
2025-05-27 12:41:31.690 [main] INFO  c.v.platform.game.GameApplicationIT - Started GameApplicationIT in 31.042 seconds (process running for 35.78)
2025-05-27 12:41:59.999 [main] INFO  c.v.p.g.i.a.in.rest.GameControllerIT - Starting GameControllerIT using Java 21.0.6 with PID 18680 (started by rubenhernandez in C:\Users\rubenhernandez\workspace\formacion\videogame-platform\services\game-service)
2025-05-27 12:42:00.014 [main] INFO  c.v.p.g.i.a.in.rest.GameControllerIT - No active profile set, falling back to 1 default profile: "default"
2025-05-27 12:42:15.575 [main] INFO  com.zaxxer.hikari.HikariDataSource - HikariPool-2 - Starting...
2025-05-27 12:42:17.366 [main] INFO  com.zaxxer.hikari.pool.HikariPool - HikariPool-2 - Added connection org.postgresql.jdbc.PgConnection@4c3ec26
2025-05-27 12:42:17.366 [main] INFO  com.zaxxer.hikari.HikariDataSource - HikariPool-2 - Start completed.
2025-05-27 12:42:19.766 [main] WARN  o.s.b.a.o.j.JpaBaseConfiguration$JpaWebConfiguration - spring.jpa.open-in-view is enabled by default. Therefore, database queries may be performed during view rendering. Explicitly configure spring.jpa.open-in-view to disable this warning
2025-05-27 12:42:23.691 [main] INFO  c.v.p.g.i.a.in.rest.GameControllerIT - Started GameControllerIT in 24.941 seconds (process running for 87.786)
2025-05-27 12:42:27.244 [main] WARN  c.v.p.g.application.usecases.GetGame - No Game found for id=5
2025-05-27 12:42:28.123 [main] INFO  c.v.p.g.i.a.o.p.GameRepositoryAdapterIT - Starting GameRepositoryAdapterIT using Java 21.0.6 with PID 18680 (started by rubenhernandez in C:\Users\rubenhernandez\workspace\formacion\videogame-platform\services\game-service)
2025-05-27 12:42:28.123 [main] INFO  c.v.p.g.i.a.o.p.GameRepositoryAdapterIT - No active profile set, falling back to 1 default profile: "default"
2025-05-27 12:42:30.822 [main] INFO  com.zaxxer.hikari.HikariDataSource - HikariPool-3 - Starting...
2025-05-27 12:42:30.853 [main] INFO  com.zaxxer.hikari.pool.HikariPool - HikariPool-3 - Added connection org.postgresql.jdbc.PgConnection@fdb2e8b
2025-05-27 12:42:30.853 [main] INFO  com.zaxxer.hikari.HikariDataSource - HikariPool-3 - Start completed.
2025-05-27 12:42:31.540 [main] WARN  o.s.b.a.o.j.JpaBaseConfiguration$JpaWebConfiguration - spring.jpa.open-in-view is enabled by default. Therefore, database queries may be performed during view rendering. Explicitly configure spring.jpa.open-in-view to disable this warning
2025-05-27 12:42:32.736 [main] INFO  c.v.p.g.i.a.o.p.GameRepositoryAdapterIT - Started GameRepositoryAdapterIT in 4.793 seconds (process running for 96.832)
2025-05-27 12:42:32.970 [SpringApplicationShutdownHook] INFO  com.zaxxer.hikari.HikariDataSource - HikariPool-1 - Shutdown initiated...
2025-05-27 12:42:32.970 [SpringApplicationShutdownHook] INFO  com.zaxxer.hikari.HikariDataSource - HikariPool-1 - Shutdown completed.
2025-05-27 12:42:32.986 [SpringApplicationShutdownHook] INFO  com.zaxxer.hikari.HikariDataSource - HikariPool-2 - Shutdown initiated...
2025-05-27 12:42:32.986 [SpringApplicationShutdownHook] INFO  com.zaxxer.hikari.HikariDataSource - HikariPool-2 - Shutdown completed.
2025-05-27 12:42:33.001 [SpringApplicationShutdownHook] INFO  com.zaxxer.hikari.HikariDataSource - HikariPool-3 - Shutdown initiated...
2025-05-27 12:42:33.017 [SpringApplicationShutdownHook] INFO  com.zaxxer.hikari.HikariDataSource - HikariPool-3 - Shutdown completed.
2025-05-27 12:45:05.777 [main] INFO  c.v.p.g.i.GameStepDefinitions - Starting GameStepDefinitions using Java 21.0.6 with PID 16200 (started by rubenhernandez in C:\Users\rubenhernandez\workspace\formacion\videogame-platform\services\game-service)
2025-05-27 12:45:05.777 [main] INFO  c.v.p.g.i.GameStepDefinitions - The following 1 profile is active: "test"
2025-05-27 12:45:22.639 [main] INFO  o.a.coyote.http11.Http11NioProtocol - Initializing ProtocolHandler ["http-nio-auto-1"]
2025-05-27 12:45:22.671 [main] INFO  o.a.catalina.core.StandardService - Starting service [Tomcat]
2025-05-27 12:45:22.671 [main] INFO  o.a.catalina.core.StandardEngine - Starting Servlet engine: [Apache Tomcat/10.1.39]
2025-05-27 12:45:24.088 [main] INFO  o.a.c.c.C.[Tomcat].[localhost].[/] - Initializing Spring embedded WebApplicationContext
2025-05-27 12:45:27.596 [main] INFO  com.zaxxer.hikari.HikariDataSource - HikariPool-1 - Starting...
2025-05-27 12:45:30.690 [main] INFO  com.zaxxer.hikari.pool.HikariPool - HikariPool-1 - Added connection conn0: url=jdbc:h2:mem:gamedb user=SA
2025-05-27 12:45:30.735 [main] INFO  com.zaxxer.hikari.HikariDataSource - HikariPool-1 - Start completed.
2025-05-27 12:45:54.841 [main] WARN  o.s.b.a.o.j.JpaBaseConfiguration$JpaWebConfiguration - spring.jpa.open-in-view is enabled by default. Therefore, database queries may be performed during view rendering. Explicitly configure spring.jpa.open-in-view to disable this warning
2025-05-27 12:46:04.476 [main] INFO  o.a.coyote.http11.Http11NioProtocol - Starting ProtocolHandler ["http-nio-auto-1"]
2025-05-27 12:46:04.620 [main] INFO  c.v.p.g.i.GameStepDefinitions - Started GameStepDefinitions in 60.488 seconds (process running for 71.95)
2025-05-27 12:46:06.127 [http-nio-auto-1-exec-1] INFO  o.a.c.c.C.[Tomcat].[localhost].[/] - Initializing Spring DispatcherServlet 'dispatcherServlet'
2025-05-27 12:46:06.128 [http-nio-auto-1-exec-1] INFO  o.s.web.servlet.DispatcherServlet - Initializing Servlet 'dispatcherServlet'
2025-05-27 12:46:06.137 [http-nio-auto-1-exec-1] INFO  o.s.web.servlet.DispatcherServlet - Completed initialization in 8 ms
2025-05-27 12:46:08.419 [main] INFO  c.tngtech.archunit.core.PluginLoader - Detected Java version 21.0.6
2025-05-27 12:46:21.178 [SpringApplicationShutdownHook] INFO  com.zaxxer.hikari.HikariDataSource - HikariPool-1 - Shutdown initiated...
2025-05-27 12:46:21.192 [SpringApplicationShutdownHook] INFO  com.zaxxer.hikari.HikariDataSource - HikariPool-1 - Shutdown completed.
2025-05-27 12:46:40.057 [main] INFO  c.v.platform.game.GameApplicationIT - Starting GameApplicationIT using Java 21.0.6 with PID 9052 (started by rubenhernandez in C:\Users\rubenhernandez\workspace\formacion\videogame-platform\services\game-service)
2025-05-27 12:46:40.074 [main] INFO  c.v.platform.game.GameApplicationIT - The following 1 profile is active: "test"
2025-05-27 12:46:46.475 [main] INFO  com.zaxxer.hikari.HikariDataSource - HikariPool-1 - Starting...
2025-05-27 12:46:47.293 [main] INFO  com.zaxxer.hikari.pool.HikariPool - HikariPool-1 - Added connection conn0: url=jdbc:h2:mem:gamedb user=SA
2025-05-27 12:46:47.293 [main] INFO  com.zaxxer.hikari.HikariDataSource - HikariPool-1 - Start completed.
2025-05-27 12:46:54.316 [main] WARN  o.s.b.a.o.j.JpaBaseConfiguration$JpaWebConfiguration - spring.jpa.open-in-view is enabled by default. Therefore, database queries may be performed during view rendering. Explicitly configure spring.jpa.open-in-view to disable this warning
2025-05-27 12:46:58.191 [main] INFO  c.v.platform.game.GameApplicationIT - Started GameApplicationIT in 20.111 seconds (process running for 29.193)
2025-05-27 12:47:00.278 [main] INFO  c.v.p.g.i.a.in.rest.GameControllerIT - Starting GameControllerIT using Java 21.0.6 with PID 9052 (started by rubenhernandez in C:\Users\rubenhernandez\workspace\formacion\videogame-platform\services\game-service)
2025-05-27 12:47:00.278 [main] INFO  c.v.p.g.i.a.in.rest.GameControllerIT - No active profile set, falling back to 1 default profile: "default"
2025-05-27 12:47:01.535 [main] INFO  com.zaxxer.hikari.HikariDataSource - HikariPool-2 - Starting...
2025-05-27 12:47:02.305 [main] INFO  com.zaxxer.hikari.pool.HikariPool - HikariPool-2 - Added connection org.postgresql.jdbc.PgConnection@4bbe05c4
2025-05-27 12:47:02.306 [main] INFO  com.zaxxer.hikari.HikariDataSource - HikariPool-2 - Start completed.
2025-05-27 12:47:03.133 [main] WARN  o.s.b.a.o.j.JpaBaseConfiguration$JpaWebConfiguration - spring.jpa.open-in-view is enabled by default. Therefore, database queries may be performed during view rendering. Explicitly configure spring.jpa.open-in-view to disable this warning
2025-05-27 12:47:03.867 [main] INFO  c.v.p.g.i.a.in.rest.GameControllerIT - Started GameControllerIT in 3.643 seconds (process running for 34.877)
2025-05-27 12:47:04.890 [main] WARN  c.v.p.g.application.usecases.GetGame - No Game found for id=5
2025-05-27 12:47:05.040 [main] INFO  c.v.p.g.i.a.o.p.GameRepositoryAdapterIT - Starting GameRepositoryAdapterIT using Java 21.0.6 with PID 9052 (started by rubenhernandez in C:\Users\rubenhernandez\workspace\formacion\videogame-platform\services\game-service)
2025-05-27 12:47:05.040 [main] INFO  c.v.p.g.i.a.o.p.GameRepositoryAdapterIT - No active profile set, falling back to 1 default profile: "default"
2025-05-27 12:47:05.640 [main] INFO  com.zaxxer.hikari.HikariDataSource - HikariPool-3 - Starting...
2025-05-27 12:47:05.663 [main] INFO  com.zaxxer.hikari.pool.HikariPool - HikariPool-3 - Added connection org.postgresql.jdbc.PgConnection@42a0f2e1
2025-05-27 12:47:05.663 [main] INFO  com.zaxxer.hikari.HikariDataSource - HikariPool-3 - Start completed.
2025-05-27 12:47:06.073 [main] WARN  o.s.b.a.o.j.JpaBaseConfiguration$JpaWebConfiguration - spring.jpa.open-in-view is enabled by default. Therefore, database queries may be performed during view rendering. Explicitly configure spring.jpa.open-in-view to disable this warning
2025-05-27 12:47:06.607 [main] INFO  c.v.p.g.i.a.o.p.GameRepositoryAdapterIT - Started GameRepositoryAdapterIT in 1.616 seconds (process running for 37.607)
2025-05-27 12:47:06.730 [SpringApplicationShutdownHook] INFO  com.zaxxer.hikari.HikariDataSource - HikariPool-1 - Shutdown initiated...
2025-05-27 12:47:06.730 [SpringApplicationShutdownHook] INFO  com.zaxxer.hikari.HikariDataSource - HikariPool-1 - Shutdown completed.
2025-05-27 12:47:06.745 [SpringApplicationShutdownHook] INFO  com.zaxxer.hikari.HikariDataSource - HikariPool-2 - Shutdown initiated...
2025-05-27 12:47:06.745 [SpringApplicationShutdownHook] INFO  com.zaxxer.hikari.HikariDataSource - HikariPool-2 - Shutdown completed.
2025-05-27 12:47:06.745 [SpringApplicationShutdownHook] INFO  com.zaxxer.hikari.HikariDataSource - HikariPool-3 - Shutdown initiated...
2025-05-27 12:47:06.765 [SpringApplicationShutdownHook] INFO  com.zaxxer.hikari.HikariDataSource - HikariPool-3 - Shutdown completed.
2025-05-27 12:49:26.958 [main] INFO  c.v.p.g.i.GameStepDefinitions - Starting GameStepDefinitions using Java 21.0.6 with PID 3600 (started by rubenhernandez in C:\Users\rubenhernandez\workspace\formacion\videogame-platform\services\game-service)
2025-05-27 12:49:26.959 [main] INFO  c.v.p.g.i.GameStepDefinitions - The following 1 profile is active: "test"
2025-05-27 12:49:32.543 [main] INFO  o.a.coyote.http11.Http11NioProtocol - Initializing ProtocolHandler ["http-nio-auto-1"]
2025-05-27 12:49:32.543 [main] INFO  o.a.catalina.core.StandardService - Starting service [Tomcat]
2025-05-27 12:49:32.543 [main] INFO  o.a.catalina.core.StandardEngine - Starting Servlet engine: [Apache Tomcat/10.1.39]
2025-05-27 12:49:32.668 [main] INFO  o.a.c.c.C.[Tomcat].[localhost].[/] - Initializing Spring embedded WebApplicationContext
2025-05-27 12:49:33.356 [main] INFO  com.zaxxer.hikari.HikariDataSource - HikariPool-1 - Starting...
2025-05-27 12:49:34.348 [main] INFO  com.zaxxer.hikari.pool.HikariPool - HikariPool-1 - Added connection conn0: url=jdbc:h2:mem:gamedb user=SA
2025-05-27 12:49:34.352 [main] INFO  com.zaxxer.hikari.HikariDataSource - HikariPool-1 - Start completed.
2025-05-27 12:49:37.662 [main] WARN  o.s.b.a.o.j.JpaBaseConfiguration$JpaWebConfiguration - spring.jpa.open-in-view is enabled by default. Therefore, database queries may be performed during view rendering. Explicitly configure spring.jpa.open-in-view to disable this warning
2025-05-27 12:49:40.356 [main] INFO  o.a.coyote.http11.Http11NioProtocol - Starting ProtocolHandler ["http-nio-auto-1"]
2025-05-27 12:49:40.412 [main] INFO  c.v.p.g.i.GameStepDefinitions - Started GameStepDefinitions in 15.233 seconds (process running for 27.17)
2025-05-27 12:49:40.943 [http-nio-auto-1-exec-1] INFO  o.a.c.c.C.[Tomcat].[localhost].[/] - Initializing Spring DispatcherServlet 'dispatcherServlet'
2025-05-27 12:49:40.943 [http-nio-auto-1-exec-1] INFO  o.s.web.servlet.DispatcherServlet - Initializing Servlet 'dispatcherServlet'
2025-05-27 12:49:40.943 [http-nio-auto-1-exec-1] INFO  o.s.web.servlet.DispatcherServlet - Completed initialization in 0 ms
2025-05-27 12:49:41.490 [main] INFO  c.tngtech.archunit.core.PluginLoader - Detected Java version 21.0.6
2025-05-27 12:49:45.495 [SpringApplicationShutdownHook] INFO  com.zaxxer.hikari.HikariDataSource - HikariPool-1 - Shutdown initiated...
2025-05-27 12:49:45.495 [SpringApplicationShutdownHook] INFO  com.zaxxer.hikari.HikariDataSource - HikariPool-1 - Shutdown completed.
2025-05-27 12:49:54.574 [main] INFO  c.v.platform.game.GameApplicationIT - Starting GameApplicationIT using Java 21.0.6 with PID 11536 (started by rubenhernandez in C:\Users\rubenhernandez\workspace\formacion\videogame-platform\services\game-service)
2025-05-27 12:49:54.574 [main] INFO  c.v.platform.game.GameApplicationIT - The following 1 profile is active: "test"
2025-05-27 12:49:59.350 [main] INFO  com.zaxxer.hikari.HikariDataSource - HikariPool-1 - Starting...
2025-05-27 12:50:00.037 [main] INFO  com.zaxxer.hikari.pool.HikariPool - HikariPool-1 - Added connection conn0: url=jdbc:h2:mem:gamedb user=SA
2025-05-27 12:50:00.052 [main] INFO  com.zaxxer.hikari.HikariDataSource - HikariPool-1 - Start completed.
2025-05-27 12:50:05.173 [main] WARN  o.s.b.a.o.j.JpaBaseConfiguration$JpaWebConfiguration - spring.jpa.open-in-view is enabled by default. Therefore, database queries may be performed during view rendering. Explicitly configure spring.jpa.open-in-view to disable this warning
2025-05-27 12:50:07.225 [main] INFO  c.v.platform.game.GameApplicationIT - Started GameApplicationIT in 14.69 seconds (process running for 19.477)
2025-05-27 12:50:08.347 [main] INFO  c.v.p.g.i.a.in.rest.GameControllerIT - Starting GameControllerIT using Java 21.0.6 with PID 11536 (started by rubenhernandez in C:\Users\rubenhernandez\workspace\formacion\videogame-platform\services\game-service)
2025-05-27 12:50:08.347 [main] INFO  c.v.p.g.i.a.in.rest.GameControllerIT - No active profile set, falling back to 1 default profile: "default"
2025-05-27 12:50:09.165 [main] INFO  com.zaxxer.hikari.HikariDataSource - HikariPool-2 - Starting...
2025-05-27 12:50:09.655 [main] INFO  com.zaxxer.hikari.pool.HikariPool - HikariPool-2 - Added connection org.postgresql.jdbc.PgConnection@6e96161f
2025-05-27 12:50:09.655 [main] INFO  com.zaxxer.hikari.HikariDataSource - HikariPool-2 - Start completed.
2025-05-27 12:50:10.392 [main] WARN  o.s.b.a.o.j.JpaBaseConfiguration$JpaWebConfiguration - spring.jpa.open-in-view is enabled by default. Therefore, database queries may be performed during view rendering. Explicitly configure spring.jpa.open-in-view to disable this warning
2025-05-27 12:50:11.147 [main] INFO  c.v.p.g.i.a.in.rest.GameControllerIT - Started GameControllerIT in 2.847 seconds (process running for 23.408)
2025-05-27 12:50:12.101 [main] WARN  c.v.p.g.application.usecases.GetGame - No Game found for id=5
2025-05-27 12:50:12.240 [main] INFO  c.v.p.g.i.a.o.p.GameRepositoryAdapterIT - Starting GameRepositoryAdapterIT using Java 21.0.6 with PID 11536 (started by rubenhernandez in C:\Users\rubenhernandez\workspace\formacion\videogame-platform\services\game-service)
2025-05-27 12:50:12.240 [main] INFO  c.v.p.g.i.a.o.p.GameRepositoryAdapterIT - No active profile set, falling back to 1 default profile: "default"
2025-05-27 12:50:12.758 [main] INFO  com.zaxxer.hikari.HikariDataSource - HikariPool-3 - Starting...
2025-05-27 12:50:12.774 [main] INFO  com.zaxxer.hikari.pool.HikariPool - HikariPool-3 - Added connection org.postgresql.jdbc.PgConnection@1142d1f0
2025-05-27 12:50:12.774 [main] INFO  com.zaxxer.hikari.HikariDataSource - HikariPool-3 - Start completed.
2025-05-27 12:50:13.172 [main] WARN  o.s.b.a.o.j.JpaBaseConfiguration$JpaWebConfiguration - spring.jpa.open-in-view is enabled by default. Therefore, database queries may be performed during view rendering. Explicitly configure spring.jpa.open-in-view to disable this warning
2025-05-27 12:50:13.695 [main] INFO  c.v.p.g.i.a.o.p.GameRepositoryAdapterIT - Started GameRepositoryAdapterIT in 1.47 seconds (process running for 25.943)
2025-05-27 12:50:13.914 [SpringApplicationShutdownHook] INFO  com.zaxxer.hikari.HikariDataSource - HikariPool-1 - Shutdown initiated...
2025-05-27 12:50:13.929 [SpringApplicationShutdownHook] INFO  com.zaxxer.hikari.HikariDataSource - HikariPool-1 - Shutdown completed.
2025-05-27 12:50:13.929 [SpringApplicationShutdownHook] INFO  com.zaxxer.hikari.HikariDataSource - HikariPool-2 - Shutdown initiated...
2025-05-27 12:50:13.929 [SpringApplicationShutdownHook] INFO  com.zaxxer.hikari.HikariDataSource - HikariPool-2 - Shutdown completed.
2025-05-27 12:50:13.945 [SpringApplicationShutdownHook] INFO  com.zaxxer.hikari.HikariDataSource - HikariPool-3 - Shutdown initiated...
2025-05-27 12:50:13.945 [SpringApplicationShutdownHook] INFO  com.zaxxer.hikari.HikariDataSource - HikariPool-3 - Shutdown completed.
2025-05-27 12:56:45.013 [main] INFO  c.v.p.g.i.GameStepDefinitions - Starting GameStepDefinitions using Java 21.0.6 with PID 1820 (started by rubenhernandez in C:\Users\rubenhernandez\workspace\formacion\videogame-platform\services\game-service)
2025-05-27 12:56:45.016 [main] INFO  c.v.p.g.i.GameStepDefinitions - The following 1 profile is active: "test"
2025-05-27 12:56:49.905 [main] INFO  o.a.coyote.http11.Http11NioProtocol - Initializing ProtocolHandler ["http-nio-auto-1"]
2025-05-27 12:56:49.908 [main] INFO  o.a.catalina.core.StandardService - Starting service [Tomcat]
2025-05-27 12:56:49.908 [main] INFO  o.a.catalina.core.StandardEngine - Starting Servlet engine: [Apache Tomcat/10.1.39]
2025-05-27 12:56:50.033 [main] INFO  o.a.c.c.C.[Tomcat].[localhost].[/] - Initializing Spring embedded WebApplicationContext
2025-05-27 12:56:50.769 [main] INFO  com.zaxxer.hikari.HikariDataSource - HikariPool-1 - Starting...
2025-05-27 12:56:51.668 [main] INFO  com.zaxxer.hikari.pool.HikariPool - HikariPool-1 - Added connection conn0: url=jdbc:h2:mem:gamedb user=SA
2025-05-27 12:56:51.668 [main] INFO  com.zaxxer.hikari.HikariDataSource - HikariPool-1 - Start completed.
2025-05-27 12:56:55.844 [main] WARN  o.s.b.a.o.j.JpaBaseConfiguration$JpaWebConfiguration - spring.jpa.open-in-view is enabled by default. Therefore, database queries may be performed during view rendering. Explicitly configure spring.jpa.open-in-view to disable this warning
2025-05-27 12:56:58.090 [main] INFO  o.a.coyote.http11.Http11NioProtocol - Starting ProtocolHandler ["http-nio-auto-1"]
2025-05-27 12:56:58.137 [main] INFO  c.v.p.g.i.GameStepDefinitions - Started GameStepDefinitions in 14.874 seconds (process running for 26.509)
2025-05-27 12:56:58.585 [http-nio-auto-1-exec-1] INFO  o.a.c.c.C.[Tomcat].[localhost].[/] - Initializing Spring DispatcherServlet 'dispatcherServlet'
2025-05-27 12:56:58.585 [http-nio-auto-1-exec-1] INFO  o.s.web.servlet.DispatcherServlet - Initializing Servlet 'dispatcherServlet'
2025-05-27 12:56:58.585 [http-nio-auto-1-exec-1] INFO  o.s.web.servlet.DispatcherServlet - Completed initialization in 0 ms
2025-05-27 12:56:59.161 [main] INFO  c.tngtech.archunit.core.PluginLoader - Detected Java version 21.0.6
2025-05-27 12:57:03.786 [SpringApplicationShutdownHook] INFO  com.zaxxer.hikari.HikariDataSource - HikariPool-1 - Shutdown initiated...
2025-05-27 12:57:03.786 [SpringApplicationShutdownHook] INFO  com.zaxxer.hikari.HikariDataSource - HikariPool-1 - Shutdown completed.
2025-05-27 12:57:12.164 [main] INFO  c.v.platform.game.GameApplicationIT - Starting GameApplicationIT using Java 21.0.6 with PID 5908 (started by rubenhernandez in C:\Users\rubenhernandez\workspace\formacion\videogame-platform\services\game-service)
2025-05-27 12:57:12.164 [main] INFO  c.v.platform.game.GameApplicationIT - The following 1 profile is active: "test"
2025-05-27 12:57:17.387 [main] INFO  com.zaxxer.hikari.HikariDataSource - HikariPool-1 - Starting...
2025-05-27 12:57:18.131 [main] INFO  com.zaxxer.hikari.pool.HikariPool - HikariPool-1 - Added connection conn0: url=jdbc:h2:mem:gamedb user=SA
2025-05-27 12:57:18.131 [main] INFO  com.zaxxer.hikari.HikariDataSource - HikariPool-1 - Start completed.
2025-05-27 12:57:23.655 [main] WARN  o.s.b.a.o.j.JpaBaseConfiguration$JpaWebConfiguration - spring.jpa.open-in-view is enabled by default. Therefore, database queries may be performed during view rendering. Explicitly configure spring.jpa.open-in-view to disable this warning
2025-05-27 12:57:26.052 [main] INFO  c.v.platform.game.GameApplicationIT - Started GameApplicationIT in 15.519 seconds (process running for 19.44)
2025-05-27 12:57:27.275 [main] INFO  c.v.p.g.i.a.in.rest.GameControllerIT - Starting GameControllerIT using Java 21.0.6 with PID 5908 (started by rubenhernandez in C:\Users\rubenhernandez\workspace\formacion\videogame-platform\services\game-service)
2025-05-27 12:57:27.275 [main] INFO  c.v.p.g.i.a.in.rest.GameControllerIT - No active profile set, falling back to 1 default profile: "default"
2025-05-27 12:57:27.956 [main] INFO  com.zaxxer.hikari.HikariDataSource - HikariPool-2 - Starting...
2025-05-27 12:57:28.430 [main] INFO  com.zaxxer.hikari.pool.HikariPool - HikariPool-2 - Added connection org.postgresql.jdbc.PgConnection@10295010
2025-05-27 12:57:28.446 [main] INFO  com.zaxxer.hikari.HikariDataSource - HikariPool-2 - Start completed.
2025-05-27 12:57:29.097 [main] WARN  o.s.b.a.o.j.JpaBaseConfiguration$JpaWebConfiguration - spring.jpa.open-in-view is enabled by default. Therefore, database queries may be performed during view rendering. Explicitly configure spring.jpa.open-in-view to disable this warning
2025-05-27 12:57:29.731 [main] INFO  c.v.p.g.i.a.in.rest.GameControllerIT - Started GameControllerIT in 2.502 seconds (process running for 23.119)
2025-05-27 12:57:30.481 [main] WARN  c.v.p.g.application.usecases.GetGame - No Game found for id=5
2025-05-27 12:57:30.682 [main] INFO  c.v.p.g.i.a.o.p.GameRepositoryAdapterIT - Starting GameRepositoryAdapterIT using Java 21.0.6 with PID 5908 (started by rubenhernandez in C:\Users\rubenhernandez\workspace\formacion\videogame-platform\services\game-service)
2025-05-27 12:57:30.682 [main] INFO  c.v.p.g.i.a.o.p.GameRepositoryAdapterIT - No active profile set, falling back to 1 default profile: "default"
2025-05-27 12:57:31.386 [main] INFO  com.zaxxer.hikari.HikariDataSource - HikariPool-3 - Starting...
2025-05-27 12:57:31.409 [main] INFO  com.zaxxer.hikari.pool.HikariPool - HikariPool-3 - Added connection org.postgresql.jdbc.PgConnection@2f93c7a6
2025-05-27 12:57:31.409 [main] INFO  com.zaxxer.hikari.HikariDataSource - HikariPool-3 - Start completed.
2025-05-27 12:57:31.879 [main] WARN  o.s.b.a.o.j.JpaBaseConfiguration$JpaWebConfiguration - spring.jpa.open-in-view is enabled by default. Therefore, database queries may be performed during view rendering. Explicitly configure spring.jpa.open-in-view to disable this warning
2025-05-27 12:57:32.662 [main] INFO  c.v.p.g.i.a.o.p.GameRepositoryAdapterIT - Started GameRepositoryAdapterIT in 2.04 seconds (process running for 26.044)
2025-05-27 12:57:32.814 [SpringApplicationShutdownHook] INFO  com.zaxxer.hikari.HikariDataSource - HikariPool-1 - Shutdown initiated...
2025-05-27 12:57:32.814 [SpringApplicationShutdownHook] INFO  com.zaxxer.hikari.HikariDataSource - HikariPool-1 - Shutdown completed.
2025-05-27 12:57:32.825 [SpringApplicationShutdownHook] INFO  com.zaxxer.hikari.HikariDataSource - HikariPool-2 - Shutdown initiated...
2025-05-27 12:57:32.835 [SpringApplicationShutdownHook] INFO  com.zaxxer.hikari.HikariDataSource - HikariPool-2 - Shutdown completed.
2025-05-27 12:57:32.843 [SpringApplicationShutdownHook] INFO  com.zaxxer.hikari.HikariDataSource - HikariPool-3 - Shutdown initiated...
2025-05-27 12:57:32.850 [SpringApplicationShutdownHook] INFO  com.zaxxer.hikari.HikariDataSource - HikariPool-3 - Shutdown completed.
